<?xml version="1.0" encoding="UTF-8"?>
<!-- Generated by org.testng.reporters.JUnitReportReporter -->
<testsuite hostname="LAPTOP-KG9RKALO" failures="0" tests="1" name="Qspider1.LettersendingTest" time="0.018" errors="0" timestamp="31 Dec 2021 01:18:55 GMT" skipped="0">
  <testcase classname="Qspider1.LettersendingTest" name="LettersendingTest" time="0.018"/>
</testsuite> <!-- Qspider1.LettersendingTest -->
